# Fresh independent test run — 2026-07-18T11:46:42Z
# Command: docker compose down -v && docker compose up -d && python3 -m pytest tests/ -v
# Volume: freshly recreated (implementation_cmis_postgres_data), not the accumulated dev DB

============================= test session starts ==============================
platform linux -- Python 3.12.3, pytest-8.3.4, pluggy-1.6.0 -- /mnt/8ef8ac43-408f-4f40-b8e5-9a7b62ee0c1d/ketan-data/code/antern/SessionNotesDeliverables/week5/Deliverables/D1/project/implementation/.venv/bin/python3
cachedir: .pytest_cache
rootdir: /mnt/8ef8ac43-408f-4f40-b8e5-9a7b62ee0c1d/ketan-data/code/antern/SessionNotesDeliverables/week5/Deliverables/D1/project/implementation
configfile: pytest.ini
plugins: anyio-4.14.2
collecting ... collected 71 items

tests/test_contradiction.py::test_find_same_subject_ignores_non_active_candidates PASSED [  1%]
tests/test_contradiction.py::test_find_same_subject_ignores_other_types PASSED [  2%]
tests/test_contradiction.py::test_find_same_subject_exempts_events_and_working_memory PASSED [  4%]
tests/test_contradiction.py::test_find_same_subject_respects_tenant_isolation PASSED [  5%]
tests/test_contradiction.py::test_find_same_subject_requires_similarity_above_the_floor PASSED [  7%]
tests/test_contradiction.py::test_higher_confidence_new_memory_supersedes_the_old_one PASSED [  8%]
tests/test_contradiction.py::test_lower_confidence_new_memory_does_not_supersede_the_old_one PASSED [  9%]
tests/test_contradiction.py::test_feedback_marks_an_active_memory_superseded PASSED [ 11%]
tests/test_contradiction.py::test_feedback_on_another_tenants_memory_returns_404 PASSED [ 12%]
tests/test_contradiction.py::test_feedback_on_already_inactive_memory_is_idempotent PASSED [ 14%]
tests/test_forgetting.py::test_reweight_archives_a_stale_unimportant_never_accessed_memory PASSED [ 15%]
tests/test_forgetting.py::test_reweight_keeps_a_frequently_used_memory_despite_old_created_at PASSED [ 16%]
tests/test_forgetting.py::test_reweight_gives_a_brand_new_unaccessed_memory_a_grace_period PASSED [ 18%]
tests/test_forgetting.py::test_reweight_persists_the_recomputed_weight_for_survivors PASSED [ 19%]
tests/test_forgetting.py::test_reweight_is_correct_across_tenants_in_one_pass PASSED [ 21%]
tests/test_forgetting.py::test_purge_hard_deletes_a_memory_marked_deleted PASSED [ 22%]
tests/test_forgetting.py::test_purge_ignores_active_memories PASSED      [ 23%]
tests/test_forgetting.py::test_purge_cascades_to_memory_entity PASSED    [ 25%]
tests/test_forgetting.py::test_delete_endpoint_marks_deleted_and_disappears_from_reads_instantly PASSED [ 26%]
tests/test_forgetting.py::test_delete_endpoint_on_unknown_or_cross_tenant_id_returns_404 PASSED [ 28%]
tests/test_forgetting.py::test_delete_endpoint_is_idempotent_on_an_already_deleted_memory PASSED [ 29%]
tests/test_forgetting.py::test_delete_then_purge_makes_it_physically_gone_within_the_stated_window PASSED [ 30%]
tests/test_forgetting.py::test_hybrid_search_bumps_access_count_and_last_accessed_on_the_memories_it_returns PASSED [ 32%]
tests/test_observability.py::test_estimate_cost_scales_with_length PASSED [ 33%]
tests/test_observability.py::test_compute_health_from_seeded_audit_log_and_metrics PASSED [ 35%]
tests/test_observability.py::test_compute_health_empty_tenant_has_zero_rates PASSED [ 36%]
tests/test_observability.py::test_health_endpoint_reflects_full_write_retrieve_feedback_flow PASSED [ 38%]
tests/test_observability.py::test_retrieve_returns_503_when_connection_refused PASSED [ 39%]
tests/test_observability.py::test_retrieve_returns_503_fast_when_store_unroutable PASSED [ 40%]
tests/test_prototypes.py::test_fake_reranker_reorders_by_explicit_relevance PASSED [ 42%]
tests/test_prototypes.py::test_retrieve_endpoint_rerank_flag_changes_order PASSED [ 43%]
tests/test_prototypes.py::test_write_gate_logs_candidate_text_for_both_kept_and_dropped PASSED [ 45%]
tests/test_prototypes.py::test_naive_bayes_classifier_learns_a_separable_boundary PASSED [ 46%]
tests/test_prototypes.py::test_naive_bayes_classifier_handles_empty_training_data_without_crashing PASSED [ 47%]
tests/test_prototypes.py::test_rerank_experiment_runs_end_to_end_and_prints_a_verdict PASSED [ 49%]
tests/test_prototypes.py::test_classifier_experiment_runs_end_to_end_and_prints_a_verdict PASSED [ 50%]
tests/test_retrieval.py::test_index_memory_populates_embedding_and_entities PASSED [ 52%]
tests/test_retrieval.py::test_finds_exact_keyword_match_despite_low_semantic_similarity PASSED [ 53%]
tests/test_retrieval.py::test_finds_semantic_match_with_zero_keyword_overlap PASSED [ 54%]
tests/test_retrieval.py::test_relevant_answer_survives_an_unrelated_recent_important_distractor PASSED [ 56%]
tests/test_retrieval.py::test_abstains_when_nothing_is_relevant PASSED   [ 57%]
tests/test_retrieval.py::test_high_importance_and_recent_wins_the_tie PASSED [ 59%]
tests/test_retrieval.py::test_never_exceeds_token_budget PASSED          [ 60%]
tests/test_retrieval.py::test_hybrid_search_never_returns_another_tenants_memory PASSED [ 61%]
tests/test_retrieval.py::test_latency_smoke_check_over_a_modest_store PASSED [ 63%]
tests/test_retrieval.py::test_retrieve_endpoint_returns_scored_memories PASSED [ 64%]
tests/test_retrieval.py::test_retrieve_endpoint_abstains_with_empty_store PASSED [ 66%]
tests/test_tenant_isolation.py::test_cross_tenant_leak_direct_query_is_zero PASSED [ 67%]
tests/test_tenant_isolation.py::test_unfiltered_query_refused_by_database_not_app_code PASSED [ 69%]
tests/test_tenant_isolation.py::test_get_memories_api_never_returns_another_tenants_data PASSED [ 70%]
tests/test_tenant_isolation.py::test_get_memories_requires_a_token PASSED [ 71%]
tests/test_tenant_isolation.py::test_send_message_then_it_is_readable_by_the_same_tenant PASSED [ 73%]
tests/test_write_gate.py::test_real_aws_key_is_blocked PASSED            [ 74%]
tests/test_write_gate.py::test_real_private_key_block_is_blocked PASSED  [ 76%]
tests/test_write_gate.py::test_valid_card_number_is_blocked PASSED       [ 77%]
tests/test_write_gate.py::test_assigned_secret_is_blocked PASSED         [ 78%]
tests/test_write_gate.py::test_ssn_is_blocked PASSED                     [ 80%]
tests/test_write_gate.py::test_jwt_is_blocked PASSED                     [ 81%]
tests/test_write_gate.py::test_bare_mixed_case_high_entropy_token_is_blocked PASSED [ 83%]
tests/test_write_gate.py::test_bare_hex_token_is_blocked PASSED          [ 84%]
tests/test_write_gate.py::test_stripe_and_github_prefixes_are_blocked PASSED [ 85%]
tests/test_write_gate.py::test_innocent_phrase_mentioning_key_is_not_blocked PASSED [ 87%]
tests/test_write_gate.py::test_innocent_phrase_mentioning_secret_is_not_blocked PASSED [ 88%]
tests/test_write_gate.py::test_normal_url_is_not_blocked PASSED          [ 90%]
tests/test_write_gate.py::test_invalid_looking_card_number_not_blocked PASSED [ 91%]
tests/test_write_gate.py::test_redact_replaces_only_the_secret_span PASSED [ 92%]
tests/test_write_gate.py::test_message_that_is_entirely_a_secret_is_rejected_422 PASSED [ 94%]
tests/test_write_gate.py::test_message_with_partial_secret_is_redacted_and_flagged PASSED [ 95%]
tests/test_write_gate.py::test_clean_message_is_not_flagged PASSED       [ 97%]
tests/test_write_gate.py::test_kept_candidate_is_stored_and_logged PASSED [ 98%]
tests/test_write_gate.py::test_rejected_candidate_is_not_stored_but_is_logged PASSED [100%]

============================= 71 passed in 10.26s ==============================
